<?xml version="1.0" encoding="UTF-8"?>
<!-- Generated by org.testng.reporters.JUnitReportReporter -->
<testsuite skipped="0" hostname="GOWTHAM-PC" name="org.UsingTestNGParameters.BothIncorrect" tests="1" failures="0" timestamp="2022-11-28T19:46:15 IST" time="3.738" errors="0">
  <testcase name="loginWithBothIncorrect" time="3.738" classname="org.UsingTestNGParameters.BothIncorrect"/>
</testsuite> <!-- org.UsingTestNGParameters.BothIncorrect -->
