<?xml version="1.0" encoding="UTF-8"?>
<!-- Generated by org.testng.reporters.JUnitReportReporter -->
<testsuite skipped="0" hostname="GOWTHAM-PC" name="org.UsingTestNGParameters.CorrectUserName" tests="1" failures="0" timestamp="2022-11-28T19:46:15 IST" time="3.718" errors="0">
  <testcase name="loginWithCorrectUserName" time="3.718" classname="org.UsingTestNGParameters.CorrectUserName"/>
</testsuite> <!-- org.UsingTestNGParameters.CorrectUserName -->
