<?xml version="1.0" encoding="UTF-8"?>
<!-- Generated by org.testng.reporters.JUnitReportReporter -->
<testsuite skipped="0" hostname="GOWTHAM-PC" name="org.UsingTestNGParameters.BothCorrect" tests="1" failures="0" timestamp="2022-11-28T19:46:15 IST" time="6.680" errors="0">
  <testcase name="loginWithBothCorrect" time="6.680" classname="org.UsingTestNGParameters.BothCorrect"/>
</testsuite> <!-- org.UsingTestNGParameters.BothCorrect -->
