<?xml version="1.0" encoding="UTF-8"?>
<!-- Generated by org.testng.reporters.JUnitReportReporter -->
<testsuite skipped="0" hostname="GOWTHAM-PC" name="org.UsingTestNGParameters.CorrectPassword" tests="1" failures="0" timestamp="2022-11-28T19:46:15 IST" time="6.987" errors="0">
  <testcase name="loginWithCorrectPassword" time="6.987" classname="org.UsingTestNGParameters.CorrectPassword"/>
</testsuite> <!-- org.UsingTestNGParameters.CorrectPassword -->
