<?xml version="1.0" encoding="UTF-8"?>
<!-- Generated by org.testng.reporters.JUnitReportReporter -->
<testsuite skipped="0" hostname="GOWTHAM-PC" name="org.UsingDataProvider.Login" tests="4" failures="0" timestamp="2022-12-03T09:59:54 IST" time="21.838" errors="0">
  <testcase name="loginWithBothCorrect" time="3.648" classname="org.UsingDataProvider.Login"/>
  <testcase name="loginWithBothCorrect" time="3.603" classname="org.UsingDataProvider.Login"/>
  <testcase name="loginWithBothCorrect" time="10.966" classname="org.UsingDataProvider.Login"/>
  <testcase name="loginWithBothCorrect" time="3.621" classname="org.UsingDataProvider.Login"/>
</testsuite> <!-- org.UsingDataProvider.Login -->
